<?xml version="1.0" encoding="UTF-8"?>
<testsuite name="practical1.NumberToolsTest" tests="2" skipped="0" failures="0" errors="0" timestamp="2025-10-02T10:58:39.848Z" hostname="MR_SHLONGOMONS" time="0.028">
  <properties/>
  <testcase name="testParse" classname="practical1.NumberToolsTest" time="0.013"/>
  <testcase name="testComputeStatistic" classname="practical1.NumberToolsTest" time="0.014"/>
  <system-out><![CDATA[]]></system-out>
  <system-err><![CDATA[]]></system-err>
</testsuite>
